{"code":"ER_NO_SUCH_TABLE","errno":1146,"level":"error","message":"Table 'mopf.categorie' doesn't exist","sql":"\n      select * from categorie;","sqlMessage":"Table 'mopf.categorie' doesn't exist","sqlState":"42S02"}
{"code":"ER_NO_SUCH_TABLE","errno":1146,"level":"error","message":"Table 'mopf.categorie' doesn't exist","sql":"\n      select * from categorie;","sqlMessage":"Table 'mopf.categorie' doesn't exist","sqlState":"42S02","timestamp":"2023-07-21T22:35:55.746Z"}
{"code":"ER_NO_SUCH_TABLE","errno":1146,"level":"error","message":"Table 'mopf.categorie' doesn't exist","sql":"\n      select * from categorie;","sqlMessage":"Table 'mopf.categorie' doesn't exist","sqlState":"42S02"}
{"code":"ER_NO_SUCH_TABLE","errno":1146,"level":"error","message":"Table 'mopf.categorie' doesn't exist","sql":"\n      select * from categorie;","sqlMessage":"Table 'mopf.categorie' doesn't exist","sqlState":"42S02"}
{"code":"ER_NO_SUCH_TABLE","errno":1146,"level":"error","message":"Table 'mopf.categorie' doesn't exist","sql":"\n      select * from categorie;","sqlMessage":"Table 'mopf.categorie' doesn't exist","sqlState":"42S02"}
{"code":"ER_DATA_TOO_LONG","errno":1406,"level":"error","message":"Data too long for column 'colourPrimary' at row 1","sql":"INSERT INTO `categories` (`name`, `colourPrimary`, `colourSecondary`) VALUES (?, ?, ?);","sqlMessage":"Data too long for column 'colourPrimary' at row 1","sqlState":"22001"}
{"code":"ER_BAD_FIELD_ERROR","errno":1054,"level":"error","message":"Unknown column 'payees_cat_id' in 'where clause'","sql":"select * from payees where payees_cat_id = ?;","sqlMessage":"Unknown column 'payees_cat_id' in 'where clause'","sqlState":"42S22"}
{"code":"ER_BAD_FIELD_ERROR","errno":1054,"level":"error","message":"Unknown column 'payees_cat_id' in 'where clause'","sql":"select * from payees where payees_cat_id = ?;","sqlMessage":"Unknown column 'payees_cat_id' in 'where clause'","sqlState":"42S22"}
{"level":"info","message":"subcategoriesRouter.get(categoryId: 1, subcategoryId: 13)"}
{"level":"info","message":"subcategoriesRouter.get(categoryId: 1, subcategoryId: 13)"}
{"level":"info","message":"subcategoriesRouter.get(categoryId: 1, subcategoryId: 13)"}
{"level":"info","message":"subcategoriesRouter.get(categoryId: 1, subcategoryId: 13)"}
{"level":"info","message":"subcategoriesRouter.get(categoryId: 1, subcategoryId: 13)"}
{"level":"info","message":"subcategoriesRouter.get(categoryId: 1, subcategoryId: 13)"}
{"level":"info","message":"subcategoriesRouter.get(categoryId: 1, subcategoryId: 14)"}
{"level":"info","message":"subcategoriesRouter.get(categoryId: 1, subcategoryId: 13)"}
{"level":"info","message":"subcategoriesRouter.get(categoryId: 1, subcategoryId: 13)"}
{"level":"info","message":"subcategoriesRouter.get(categoryId: 1, subcategoryId: 13)"}
{"level":"info","message":"subcategoriesRouter.get(categoryId: 1, subcategoryId: 13)"}
{"level":"info","message":"subcategoriesRouter.get(categoryId: 1, subcategoryId: 13)"}
{"level":"info","message":"subcategoriesRouter.get(categoryId: 1, subcategoryId: 13)"}
{"level":"info","message":"subcategoriesRouter.get(categoryId: 1, subcategoryId: 15)"}
{"level":"info","message":"subcategoriesRouter.get(categoryId: 1, subcategoryId: 13)"}
{"level":"info","message":"subcategoriesRouter.get(categoryId: 1, subcategoryId: 14)"}
{"level":"info","message":"subcategoriesRouter.get(categoryId: 1, subcategoryId: 14)"}
{"level":"info","message":"subcategoriesRouter.get(categoryId: 1, subcategoryId: 13)"}
{"level":"info","message":"subcategoriesRouter.get(categoryId: 1, subcategoryId: 13)"}
{"level":"info","message":"subcategoriesRouter.get(categoryId: 1, subcategoryId: 1)"}
{"level":"info","message":"subcategoriesRouter.get(categoryId: 1, subcategoryId: 1)"}
{"level":"info","message":"subcategoriesRouter.get(categoryId: 1, subcategoryId: 1)"}
{"level":"info","message":"subcategoriesRouter.get(categoryId: 1, subcategoryId: 1)"}
{"level":"info","message":"subcategoriesRouter.get(categoryId: 1, subcategoryId: 1)"}
